This file contains any messages produced by compilers while
running configure, to aid debugging if configure makes a mistake.

It was created by FULL-PACKAGE-NAME configure VERSION, which was
generated by GNU Autoconf 2.69.  Invocation command line was

  $ ./configure 

## --------- ##
## Platform. ##
## --------- ##

hostname = localhost
uname -m = x86_64
uname -r = 4.9.0-gentoo
uname -s = Linux
uname -v = #1 SMP Thu Jan 5 16:48:46 EST 2017

/usr/bin/uname -p = Intel(R) Core(TM) i5-3550 CPU @ 3.30GHz
/bin/uname -X     = unknown

/bin/arch              = unknown
/usr/bin/arch -k       = unknown
/usr/convex/getsysinfo = unknown
/usr/bin/hostinfo      = unknown
/bin/machine           = unknown
/usr/bin/oslevel       = unknown
/bin/universe          = unknown

PATH: /home/kevin/Enthought/Canopy_64bit/User/bin
PATH: /home/kevin/Enthought/Canopy_64bit/User/bin
PATH: /usr/local/bin
PATH: /usr/bin
PATH: /bin
PATH: /opt/bin
PATH: /usr/x86_64-pc-linux-gnu/gcc-bin/5.4.0
PATH: /opt/Fiji.app/
PATH: /opt/MATLAB/R2011a/bin/


## ----------- ##
## Core tests. ##
## ----------- ##

configure:2181: checking for a BSD-compatible install
configure:2249: result: /usr/bin/install -c
configure:2260: checking whether build environment is sane
configure:2297: result: yes
configure:2424: checking for a thread-safe mkdir -p
configure:2463: result: /bin/mkdir -p
configure:2476: checking for gawk
configure:2492: found /usr/bin/gawk
configure:2503: result: gawk
configure:2514: checking whether make sets $(MAKE)
configure:2536: result: yes
configure:2666: checking for gcc
configure:2682: found /usr/bin/gcc
configure:2693: result: gcc
configure:2922: checking for C compiler version
configure:2931: gcc --version >&5
gcc (Gentoo 5.4.0-r2 p1.2, pie-0.6.5) 5.4.0
Copyright (C) 2015 Free Software Foundation, Inc.
This is free software; see the source for copying conditions.  There is NO
warranty; not even for MERCHANTABILITY or FITNESS FOR A PARTICULAR PURPOSE.

configure:2942: $? = 0
configure:2931: gcc -v >&5
Using built-in specs.
COLLECT_GCC=/usr/x86_64-pc-linux-gnu/gcc-bin/5.4.0/gcc
COLLECT_LTO_WRAPPER=/usr/libexec/gcc/x86_64-pc-linux-gnu/5.4.0/lto-wrapper
Target: x86_64-pc-linux-gnu
Configured with: /var/tmp/portage/sys-devel/gcc-5.4.0-r2/work/gcc-5.4.0/configure --host=x86_64-pc-linux-gnu --build=x86_64-pc-linux-gnu --prefix=/usr --bindir=/usr/x86_64-pc-linux-gnu/gcc-bin/5.4.0 --includedir=/usr/lib/gcc/x86_64-pc-linux-gnu/5.4.0/include --datadir=/usr/share/gcc-data/x86_64-pc-linux-gnu/5.4.0 --mandir=/usr/share/gcc-data/x86_64-pc-linux-gnu/5.4.0/man --infodir=/usr/share/gcc-data/x86_64-pc-linux-gnu/5.4.0/info --with-gxx-include-dir=/usr/lib/gcc/x86_64-pc-linux-gnu/5.4.0/include/g++-v5 --with-python-dir=/share/gcc-data/x86_64-pc-linux-gnu/5.4.0/python --enable-languages=c,c++,fortran --enable-obsolete --enable-secureplt --disable-werror --with-system-zlib --enable-nls --without-included-gettext --enable-checking=release --with-bugurl=https://bugs.gentoo.org/ --with-pkgversion='Gentoo 5.4.0-r2 p1.2, pie-0.6.5' --enable-libstdcxx-time --enable-shared --enable-threads=posix --enable-__cxa_atexit --enable-clocale=gnu --enable-multilib --with-multilib-list=m32,m64 --disable-altivec --disable-fixed-point --enable-targets=all --disable-libgcj --enable-libgomp --disable-libmudflap --disable-libssp --disable-libcilkrts --disable-libmpx --enable-vtable-verify --enable-libvtv --enable-lto --without-isl --enable-libsanitizer
Thread model: posix
gcc version 5.4.0 (Gentoo 5.4.0-r2 p1.2, pie-0.6.5) 
configure:2942: $? = 0
configure:2931: gcc -V >&5
gcc: error: unrecognized command line option '-V'
gcc: fatal error: no input files
compilation terminated.
configure:2942: $? = 1
configure:2931: gcc -qversion >&5
gcc: error: unrecognized command line option '-qversion'
gcc: fatal error: no input files
compilation terminated.
configure:2942: $? = 1
configure:2962: checking whether the C compiler works
configure:2984: gcc    conftest.c  >&5
configure:2988: $? = 0
configure:3036: result: yes
configure:3039: checking for C compiler default output file name
configure:3041: result: a.out
configure:3047: checking for suffix of executables
configure:3054: gcc -o conftest    conftest.c  >&5
configure:3058: $? = 0
configure:3080: result: 
configure:3102: checking whether we are cross compiling
configure:3110: gcc -o conftest    conftest.c  >&5
configure:3114: $? = 0
configure:3121: ./conftest
configure:3125: $? = 0
configure:3140: result: no
configure:3145: checking for suffix of object files
configure:3167: gcc -c   conftest.c >&5
configure:3171: $? = 0
configure:3192: result: o
configure:3196: checking whether we are using the GNU C compiler
configure:3215: gcc -c   conftest.c >&5
configure:3215: $? = 0
configure:3224: result: yes
configure:3233: checking whether gcc accepts -g
configure:3253: gcc -c -g  conftest.c >&5
configure:3253: $? = 0
configure:3294: result: yes
configure:3311: checking for gcc option to accept ISO C89
configure:3374: gcc  -c -g -O2  conftest.c >&5
configure:3374: $? = 0
configure:3387: result: none needed
configure:3418: checking for style of include used by make
configure:3446: result: GNU
configure:3471: checking dependency style of gcc
configure:3581: result: gcc3
configure:3599: checking for cos in -lm
configure:3624: gcc -o conftest -g -O2   conftest.c -lm   >&5
conftest.c:18:6: warning: conflicting types for built-in function 'cos'
 char cos ();
      ^
configure:3624: $? = 0
configure:3633: result: yes
configure:3644: checking for cblas_dgemm in -lgslcblas
configure:3669: gcc -o conftest -g -O2   conftest.c -lgslcblas  -lm  >&5
configure:3669: $? = 0
configure:3678: result: yes
configure:3689: checking for gsl_blas_dgemm in -lgsl
configure:3714: gcc -o conftest -g -O2   conftest.c -lgsl  -lgslcblas -lm  >&5
configure:3714: $? = 0
configure:3723: result: yes
configure:3741: checking how to run the C preprocessor
configure:3772: gcc -E  conftest.c
configure:3772: $? = 0
configure:3786: gcc -E  conftest.c
conftest.c:14:28: fatal error: ac_nonexistent.h: No such file or directory
compilation terminated.
configure:3786: $? = 1
configure: failed program was:
| /* confdefs.h */
| #define PACKAGE_NAME "FULL-PACKAGE-NAME"
| #define PACKAGE_TARNAME "full-package-name"
| #define PACKAGE_VERSION "VERSION"
| #define PACKAGE_STRING "FULL-PACKAGE-NAME VERSION"
| #define PACKAGE_BUGREPORT "BUG-REPORT-ADDRESS"
| #define PACKAGE_URL ""
| #define PACKAGE "full-package-name"
| #define VERSION "VERSION"
| #define HAVE_LIBM 1
| #define HAVE_LIBGSLCBLAS 1
| #define HAVE_LIBGSL 1
| /* end confdefs.h.  */
| #include <ac_nonexistent.h>
configure:3811: result: gcc -E
configure:3831: gcc -E  conftest.c
configure:3831: $? = 0
configure:3845: gcc -E  conftest.c
conftest.c:14:28: fatal error: ac_nonexistent.h: No such file or directory
compilation terminated.
configure:3845: $? = 1
configure: failed program was:
| /* confdefs.h */
| #define PACKAGE_NAME "FULL-PACKAGE-NAME"
| #define PACKAGE_TARNAME "full-package-name"
| #define PACKAGE_VERSION "VERSION"
| #define PACKAGE_STRING "FULL-PACKAGE-NAME VERSION"
| #define PACKAGE_BUGREPORT "BUG-REPORT-ADDRESS"
| #define PACKAGE_URL ""
| #define PACKAGE "full-package-name"
| #define VERSION "VERSION"
| #define HAVE_LIBM 1
| #define HAVE_LIBGSLCBLAS 1
| #define HAVE_LIBGSL 1
| /* end confdefs.h.  */
| #include <ac_nonexistent.h>
configure:3874: checking for grep that handles long lines and -e
configure:3932: result: /bin/grep
configure:3937: checking for egrep
configure:3999: result: /bin/grep -E
configure:4004: checking for ANSI C header files
configure:4024: gcc -c -g -O2  conftest.c >&5
configure:4024: $? = 0
configure:4097: gcc -o conftest -g -O2   conftest.c -lgsl -lgslcblas -lm  >&5
configure:4097: $? = 0
configure:4097: ./conftest
configure:4097: $? = 0
configure:4108: result: yes
configure:4121: checking for sys/types.h
configure:4121: gcc -c -g -O2  conftest.c >&5
configure:4121: $? = 0
configure:4121: result: yes
configure:4121: checking for sys/stat.h
configure:4121: gcc -c -g -O2  conftest.c >&5
configure:4121: $? = 0
configure:4121: result: yes
configure:4121: checking for stdlib.h
configure:4121: gcc -c -g -O2  conftest.c >&5
configure:4121: $? = 0
configure:4121: result: yes
configure:4121: checking for string.h
configure:4121: gcc -c -g -O2  conftest.c >&5
configure:4121: $? = 0
configure:4121: result: yes
configure:4121: checking for memory.h
configure:4121: gcc -c -g -O2  conftest.c >&5
configure:4121: $? = 0
configure:4121: result: yes
configure:4121: checking for strings.h
configure:4121: gcc -c -g -O2  conftest.c >&5
configure:4121: $? = 0
configure:4121: result: yes
configure:4121: checking for inttypes.h
configure:4121: gcc -c -g -O2  conftest.c >&5
configure:4121: $? = 0
configure:4121: result: yes
configure:4121: checking for stdint.h
configure:4121: gcc -c -g -O2  conftest.c >&5
configure:4121: $? = 0
configure:4121: result: yes
configure:4121: checking for unistd.h
configure:4121: gcc -c -g -O2  conftest.c >&5
configure:4121: $? = 0
configure:4121: result: yes
configure:4135: checking for stdlib.h
configure:4135: result: yes
configure:4147: checking for an ANSI C-conforming const
configure:4213: gcc -c -g -O2  conftest.c >&5
configure:4213: $? = 0
configure:4220: result: yes
configure:4232: checking for stdlib.h
configure:4232: result: yes
configure:4242: checking for GNU libc compatible malloc
configure:4266: gcc -o conftest -g -O2   conftest.c -lgsl -lgslcblas -lm  >&5
configure:4266: $? = 0
configure:4266: ./conftest
configure:4266: $? = 0
configure:4276: result: yes
configure:4299: checking for stdlib.h
configure:4299: result: yes
configure:4309: checking for GNU libc compatible realloc
configure:4333: gcc -o conftest -g -O2   conftest.c -lgsl -lgslcblas -lm  >&5
configure:4333: $? = 0
configure:4333: ./conftest
configure:4333: $? = 0
configure:4343: result: yes
configure:4367: checking for pow
configure:4367: gcc -o conftest -g -O2   conftest.c -lgsl -lgslcblas -lm  >&5
conftest.c:52:6: warning: conflicting types for built-in function 'pow'
 char pow ();
      ^
configure:4367: $? = 0
configure:4367: result: yes
configure:4367: checking for sqrt
configure:4367: gcc -o conftest -g -O2   conftest.c -lgsl -lgslcblas -lm  >&5
conftest.c:53:6: warning: conflicting types for built-in function 'sqrt'
 char sqrt ();
      ^
configure:4367: $? = 0
configure:4367: result: yes
configure:4501: creating ./config.status

## ---------------------- ##
## Running config.status. ##
## ---------------------- ##

This file was extended by FULL-PACKAGE-NAME config.status VERSION, which was
generated by GNU Autoconf 2.69.  Invocation command line was

  CONFIG_FILES    = 
  CONFIG_HEADERS  = 
  CONFIG_LINKS    = 
  CONFIG_COMMANDS = 
  $ ./config.status 

on localhost

config.status:854: creating Makefile
config.status:1083: executing depfiles commands

## ---------------- ##
## Cache variables. ##
## ---------------- ##

ac_cv_c_compiler_gnu=yes
ac_cv_c_const=yes
ac_cv_env_CC_set=
ac_cv_env_CC_value=
ac_cv_env_CFLAGS_set=
ac_cv_env_CFLAGS_value=
ac_cv_env_CPPFLAGS_set=
ac_cv_env_CPPFLAGS_value=
ac_cv_env_CPP_set=
ac_cv_env_CPP_value=
ac_cv_env_LDFLAGS_set=
ac_cv_env_LDFLAGS_value=
ac_cv_env_LIBS_set=
ac_cv_env_LIBS_value=
ac_cv_env_build_alias_set=
ac_cv_env_build_alias_value=
ac_cv_env_host_alias_set=
ac_cv_env_host_alias_value=
ac_cv_env_target_alias_set=
ac_cv_env_target_alias_value=
ac_cv_func_malloc_0_nonnull=yes
ac_cv_func_pow=yes
ac_cv_func_realloc_0_nonnull=yes
ac_cv_func_sqrt=yes
ac_cv_header_inttypes_h=yes
ac_cv_header_memory_h=yes
ac_cv_header_stdc=yes
ac_cv_header_stdint_h=yes
ac_cv_header_stdlib_h=yes
ac_cv_header_string_h=yes
ac_cv_header_strings_h=yes
ac_cv_header_sys_stat_h=yes
ac_cv_header_sys_types_h=yes
ac_cv_header_unistd_h=yes
ac_cv_lib_gsl_gsl_blas_dgemm=yes
ac_cv_lib_gslcblas_cblas_dgemm=yes
ac_cv_lib_m_cos=yes
ac_cv_objext=o
ac_cv_path_EGREP='/bin/grep -E'
ac_cv_path_GREP=/bin/grep
ac_cv_path_install='/usr/bin/install -c'
ac_cv_path_mkdir=/bin/mkdir
ac_cv_prog_AWK=gawk
ac_cv_prog_CPP='gcc -E'
ac_cv_prog_ac_ct_CC=gcc
ac_cv_prog_cc_c89=
ac_cv_prog_cc_g=yes
ac_cv_prog_make_make_set=yes
am_cv_CC_dependencies_compiler_type=gcc3

## ----------------- ##
## Output variables. ##
## ----------------- ##

ACLOCAL='${SHELL} /home/kevin/cellmech_sims/vertex_model_base/missing --run aclocal-1.10'
AMDEPBACKSLASH='\'
AMDEP_FALSE='#'
AMDEP_TRUE=''
AMTAR='${SHELL} /home/kevin/cellmech_sims/vertex_model_base/missing --run tar'
AUTOCONF='${SHELL} /home/kevin/cellmech_sims/vertex_model_base/missing --run autoconf'
AUTOHEADER='${SHELL} /home/kevin/cellmech_sims/vertex_model_base/missing --run autoheader'
AUTOMAKE='${SHELL} /home/kevin/cellmech_sims/vertex_model_base/missing --run automake-1.10'
AWK='gawk'
CC='gcc'
CCDEPMODE='depmode=gcc3'
CFLAGS='-g -O2'
CPP='gcc -E'
CPPFLAGS=''
CYGPATH_W='echo'
DEFS='-DHAVE_CONFIG_H'
DEPDIR='.deps'
ECHO_C=''
ECHO_N='-n'
ECHO_T=''
EGREP='/bin/grep -E'
EXEEXT=''
GREP='/bin/grep'
INSTALL_DATA='${INSTALL} -m 644'
INSTALL_PROGRAM='${INSTALL}'
INSTALL_SCRIPT='${INSTALL}'
INSTALL_STRIP_PROGRAM='$(install_sh) -c -s'
LDFLAGS=''
LIBOBJS=''
LIBS='-lgsl -lgslcblas -lm '
LTLIBOBJS=''
MAKEINFO='${SHELL} /home/kevin/cellmech_sims/vertex_model_base/missing --run makeinfo'
MKDIR_P='/bin/mkdir -p'
OBJEXT='o'
PACKAGE='full-package-name'
PACKAGE_BUGREPORT='BUG-REPORT-ADDRESS'
PACKAGE_NAME='FULL-PACKAGE-NAME'
PACKAGE_STRING='FULL-PACKAGE-NAME VERSION'
PACKAGE_TARNAME='full-package-name'
PACKAGE_URL=''
PACKAGE_VERSION='VERSION'
PATH_SEPARATOR=':'
SET_MAKE=''
SHELL='/bin/sh'
STRIP=''
VERSION='VERSION'
ac_ct_CC='gcc'
am__fastdepCC_FALSE='#'
am__fastdepCC_TRUE=''
am__include='include'
am__isrc=''
am__leading_dot='.'
am__quote=''
am__tar='${AMTAR} chof - "$$tardir"'
am__untar='${AMTAR} xf -'
bindir='${exec_prefix}/bin'
build_alias=''
datadir='${datarootdir}'
datarootdir='${prefix}/share'
docdir='${datarootdir}/doc/${PACKAGE_TARNAME}'
dvidir='${docdir}'
exec_prefix='${prefix}'
host_alias=''
htmldir='${docdir}'
includedir='${prefix}/include'
infodir='${datarootdir}/info'
install_sh='$(SHELL) /home/kevin/cellmech_sims/vertex_model_base/install-sh'
libdir='${exec_prefix}/lib'
libexecdir='${exec_prefix}/libexec'
localedir='${datarootdir}/locale'
localstatedir='${prefix}/var'
mandir='${datarootdir}/man'
mkdir_p='/bin/mkdir -p'
oldincludedir='/usr/include'
pdfdir='${docdir}'
prefix='/usr/local'
program_transform_name='s,x,x,'
psdir='${docdir}'
sbindir='${exec_prefix}/sbin'
sharedstatedir='${prefix}/com'
sysconfdir='${prefix}/etc'
target_alias=''

## ----------- ##
## confdefs.h. ##
## ----------- ##

/* confdefs.h */
#define PACKAGE_NAME "FULL-PACKAGE-NAME"
#define PACKAGE_TARNAME "full-package-name"
#define PACKAGE_VERSION "VERSION"
#define PACKAGE_STRING "FULL-PACKAGE-NAME VERSION"
#define PACKAGE_BUGREPORT "BUG-REPORT-ADDRESS"
#define PACKAGE_URL ""
#define PACKAGE "full-package-name"
#define VERSION "VERSION"
#define HAVE_LIBM 1
#define HAVE_LIBGSLCBLAS 1
#define HAVE_LIBGSL 1
#define STDC_HEADERS 1
#define HAVE_SYS_TYPES_H 1
#define HAVE_SYS_STAT_H 1
#define HAVE_STDLIB_H 1
#define HAVE_STRING_H 1
#define HAVE_MEMORY_H 1
#define HAVE_STRINGS_H 1
#define HAVE_INTTYPES_H 1
#define HAVE_STDINT_H 1
#define HAVE_UNISTD_H 1
#define HAVE_STDLIB_H 1
#define HAVE_STDLIB_H 1
#define HAVE_MALLOC 1
#define HAVE_STDLIB_H 1
#define HAVE_REALLOC 1
#define HAVE_POW 1
#define HAVE_SQRT 1

configure: exit 0
